0 info it worked if it ends with ok
1 verbose cli [ 'C:\\Program Files\\nodejs\\\\node.exe',
1 verbose cli   'C:\\Program Files\\nodejs\\node_modules\\npm\\bin\\npm-cli.js',
1 verbose cli   'install',
1 verbose cli   'package.json' ]
2 info using npm@2.5.1
3 info using node@v0.12.0
4 verbose node symlink C:\Program Files\nodejs\\node.exe
5 silly cache add args [ 'package.json', null ]
6 verbose cache add spec package.json
7 silly cache add parsed spec { raw: 'package.json',
7 silly cache add   scope: null,
7 silly cache add   name: null,
7 silly cache add   rawSpec: 'package.json',
7 silly cache add   spec: 'C:\\Users\\Cesar\\Google Drive\\Altavista Studios\\OXXO GAS NodeFTP\\package.json',
7 silly cache add   type: 'local' }
8 silly addLocalTarball shasum (computed) 654531595817fa0593d7141fe8b127d8529dea33
9 verbose addTmpTarball C:\Users\Cesar\Google Drive\Altavista Studios\OXXO GAS NodeFTP\package.json not in flight; adding
10 verbose addTmpTarball validating metadata from C:\Users\Cesar\Google Drive\Altavista Studios\OXXO GAS NodeFTP\package.json
11 verbose tar unpack C:\Users\Cesar\Google Drive\Altavista Studios\OXXO GAS NodeFTP\package.json
12 verbose tar unpacking to C:\Users\Cesar\AppData\Local\Temp\npm-5956-fc08b600\unpack-44d23e3a82b0
13 verbose gentlyRm vacuuming C:\Users\Cesar\AppData\Local\Temp\npm-5956-fc08b600\unpack-44d23e3a82b0
14 silly gunzTarPerm modes [ '777', '666' ]
15 error not a package C:\Users\Cesar\Google Drive\Altavista Studios\OXXO GAS NodeFTP\package.json
16 error addLocal Could not install C:\Users\Cesar\Google Drive\Altavista Studios\OXXO GAS NodeFTP\package.json
17 verbose stack Error: ENOENT, open 'C:\Users\Cesar\AppData\Local\Temp\npm-5956-fc08b600\unpack-44d23e3a82b0\package.json'
17 verbose stack     at Error (native)
18 verbose cwd C:\Users\Cesar\Google Drive\Altavista Studios\OXXO GAS NodeFTP
19 error Windows_NT 6.3.9600
20 error argv "C:\\Program Files\\nodejs\\\\node.exe" "C:\\Program Files\\nodejs\\node_modules\\npm\\bin\\npm-cli.js" "install" "package.json"
21 error node v0.12.0
22 error npm  v2.5.1
23 error path C:\Users\Cesar\AppData\Local\Temp\npm-5956-fc08b600\unpack-44d23e3a82b0\package.json
24 error code ENOENT
25 error errno -4058
26 error enoent ENOENT, open 'C:\Users\Cesar\AppData\Local\Temp\npm-5956-fc08b600\unpack-44d23e3a82b0\package.json'
26 error enoent This is most likely not a problem with npm itself
26 error enoent and is related to npm not being able to find a file.
27 verbose exit [ -4058, true ]
